<?xml version="1.0" encoding="UTF-8"?>
<testsuite name="tragamonedas.TragamonedasTest" tests="3" skipped="0" failures="0" errors="0" timestamp="2019-08-13T14:37:00" hostname="AR0FVFYM0YLHV2J" time="0.014">
  <properties/>
  <testcase name="crearTragamonedas" classname="tragamonedas.TragamonedasTest" time="0.0"/>
  <testcase name="cuandoElTragamonedasTieneSusTamboresEnLaMismaPosicionOtorgaPremio" classname="tragamonedas.TragamonedasTest" time="0.012"/>
  <testcase name="accionarTragamonedas" classname="tragamonedas.TragamonedasTest" time="0.002"/>
  <system-out><![CDATA[]]></system-out>
  <system-err><![CDATA[]]></system-err>
</testsuite>
