<?xml version="1.0" encoding="UTF-8"?>
<testsuite name="ar.com.mercadolibre.javaoop.MotoresTest" tests="9" skipped="0" failures="0" errors="0" timestamp="2019-08-13T14:37:00" hostname="AR0FVFYM0YLHV2J" time="0.03">
  <properties/>
  <testcase name="refrigerarMotor" classname="ar.com.mercadolibre.javaoop.MotoresTest" time="0.017"/>
  <testcase name="subirPotenciaMotorYVerificarTemperatura" classname="ar.com.mercadolibre.javaoop.MotoresTest" time="0.006"/>
  <testcase name="crearMotorACombustibleYQueExista" classname="ar.com.mercadolibre.javaoop.MotoresTest" time="0.006"/>
  <testcase name="bajarPotenciaMotorYVerificarPotencia" classname="ar.com.mercadolibre.javaoop.MotoresTest" time="0.0"/>
  <testcase name="cuandoCreasUnMotorCombustibleSeSeteanLosAtributos" classname="ar.com.mercadolibre.javaoop.MotoresTest" time="0.0"/>
  <testcase name="cuandoCreasUnMotorSolarSeSeteanLosAtributos" classname="ar.com.mercadolibre.javaoop.MotoresTest" time="0.0"/>
  <testcase name="bajarPotenciaMotorHastaPotenciaNegativa" classname="ar.com.mercadolibre.javaoop.MotoresTest" time="0.001"/>
  <testcase name="cuandoCreasUnMotorNuclearSeSeteanLosAtributos" classname="ar.com.mercadolibre.javaoop.MotoresTest" time="0.0"/>
  <testcase name="subirPotenciaMotorYVerificarPotencia" classname="ar.com.mercadolibre.javaoop.MotoresTest" time="0.0"/>
  <system-out><![CDATA[]]></system-out>
  <system-err><![CDATA[]]></system-err>
</testsuite>
