<?xml version="1.0" encoding="UTF-8"?>
<testsuite name="ar.com.mercadolibre.javaoop.PlayaDeCargaTest" tests="4" skipped="0" failures="0" errors="0" timestamp="2019-08-13T14:58:37" hostname="AR0FVFYM0YLHV2J" time="0.002">
  <properties/>
  <testcase name="utilitarioPuedeCargar" classname="ar.com.mercadolibre.javaoop.PlayaDeCargaTest" time="0.001"/>
  <testcase name="laPlayaDeCargaExiste" classname="ar.com.mercadolibre.javaoop.PlayaDeCargaTest" time="0.0"/>
  <testcase name="laPlayaDeCargaComienzaVacia" classname="ar.com.mercadolibre.javaoop.PlayaDeCargaTest" time="0.0"/>
  <testcase name="crearUtilitarioCamioneta" classname="ar.com.mercadolibre.javaoop.PlayaDeCargaTest" time="0.0"/>
  <system-out><![CDATA[]]></system-out>
  <system-err><![CDATA[]]></system-err>
</testsuite>
