<?xml version="1.0" encoding="UTF-8"?>
<testsuite name="enviosPostales.DespachanteTest" tests="2" skipped="0" failures="0" errors="0" timestamp="2019-08-13T14:58:37" hostname="AR0FVFYM0YLHV2J" time="0.014">
  <properties/>
  <testcase name="despachanteDespachaCorrectamenteUnEnvio" classname="enviosPostales.DespachanteTest" time="0.009"/>
  <testcase name="despachanteDespachaCorrectamenteUnEnvioYAplicaDescuentosHastaElDecimo" classname="enviosPostales.DespachanteTest" time="0.004"/>
  <system-out><![CDATA[]]></system-out>
  <system-err><![CDATA[]]></system-err>
</testsuite>
